<?xml version="1.0" encoding="UTF-8"?>
<!-- Generated by org.testng.reporters.JUnitReportReporter -->
<testsuite skipped="0" hostname="LAPTOP-92EUUT9O" name="com.test.tests.RunTest" tests="1" failures="0" timestamp="29 Nov 2017 13:25:53 GMT" time="9.603" errors="0">
  <testcase name="testHomePage" time="9.603" classname="com.test.tests.RunTest"/>
</testsuite> <!-- com.test.tests.RunTest -->
