<?xml version="1.0" encoding="UTF-8"?>
<!-- Generated by org.testng.reporters.JUnitReportReporter -->
<testsuite skipped="0" hostname="LAPTOP-92EUUT9O" name="com.test.tests.RunTest" tests="1" failures="0" timestamp="10 Dec 2017 14:19:12 GMT" time="9.235" errors="0">
  <testcase name="testHomePage" time="9.235" classname="com.test.tests.RunTest"/>
</testsuite> <!-- com.test.tests.RunTest -->
